2025-08-20T12:20:12 | touched: scripts/frontend-integration.js
2025-11-22T01:43:35 | touched: .env.example
2026-01-19T16:11:50 | touched: scripts/interact.js
2026-01-31T13:02:01 | touched: contracts/Vaultyearnearn.sol
2026-01-20T05:32:05 | touched: test/Vaultyearnearn.test.js
2025-05-18T15:04:37 | touched: scripts/deploy.js
2025-05-07T03:12:30 | touched: contracts/Vaultyearnearn.sol
2026-01-17T22:32:07 | touched: scripts/cli.js
2026-01-13T18:23:54 | touched: scripts/cli.js
2026-01-17T09:00:14 | touched: package.json
2026-01-12T17:00:57 | touched: scripts/api-server.js
2025-11-20T14:50:00 | touched: scripts/interact.js
2025-04-17T16:25:57 | touched: contracts/Vaultyearnearn.sol
2026-01-27T15:44:00 | touched: contracts/Vaultyearnearn.sol
2026-01-11T19:45:35 | touched: README.md
2026-01-17T03:15:31 | touched: package.json
2024-11-29T13:37:26 | touched: scripts/api-server.js
2025-06-28T23:42:38 | touched: scripts/cli.js
2026-01-24T17:22:05 | touched: hardhat.config.js
2024-01-19T00:01:35 | touched: LICENSE
2025-11-01T08:42:19 | touched: README.md
2025-10-11T21:26:46 | touched: scripts/cli.js
2025-12-03T15:33:22 | touched: scripts/api-server.js
